<?xml version="1.0" encoding="UTF-8"?>
<!-- Generated by org.testng.reporters.JUnitReportReporter -->
<testsuite hostname="KQSPL" name="com.linkedIn.loginPage.Index.LoginPageIndex" tests="1" failures="0" timestamp="2 Apr 2015 06:43:34 GMT" time="68.857" errors="0">
  <testcase name="register_success" time="68.857" classname="com.linkedIn.loginPage.Index.LoginPageIndex"/>
</testsuite> <!-- com.linkedIn.loginPage.Index.LoginPageIndex -->
