<?xml version="1.0" encoding="UTF-8"?>
<!-- Generated by org.testng.reporters.JUnitReportReporter -->
<testsuite hostname="KQSPL" name="com.linkedIn.loginPage.Index.LoginPageIndex" tests="10" failures="0" timestamp="27 Mar 2015 11:14:08 GMT" time="286.016" errors="0">
  <testcase name="invalidFirstname" time="44.144" classname="com.linkedIn.loginPage.Index.LoginPageIndex"/>
  <testcase name="verifyRegisterPage" time="18.345" classname="com.linkedIn.loginPage.Index.LoginPageIndex"/>
  <testcase name="invalidFirstname" time="47.540" classname="com.linkedIn.loginPage.Index.LoginPageIndex"/>
  <testcase name="verifyJoinnowButton" time="15.702" classname="com.linkedIn.loginPage.Index.LoginPageIndex"/>
  <testcase name="clickJoinnowButton" time="17.323" classname="com.linkedIn.loginPage.Index.LoginPageIndex"/>
  <testcase name="verifyMendatoryFields" time="18.169" classname="com.linkedIn.loginPage.Index.LoginPageIndex"/>
  <testcase name="invalidFirstname" time="42.869" classname="com.linkedIn.loginPage.Index.LoginPageIndex"/>
  <testcase name="textboxEditFunctionality" time="35.754" classname="com.linkedIn.loginPage.Index.LoginPageIndex"/>
  <testcase name="invalidFirstname" time="29.688" classname="com.linkedIn.loginPage.Index.LoginPageIndex"/>
  <testcase name="verifyLabelinPage" time="16.482" classname="com.linkedIn.loginPage.Index.LoginPageIndex"/>
</testsuite> <!-- com.linkedIn.loginPage.Index.LoginPageIndex -->
