<?xml version="1.0" encoding="UTF-8"?>
<!-- Generated by org.testng.reporters.JUnitReportReporter -->
<testsuite hostname="KQSPL" name="com.linkedIn.loginPage.Index.LoginPageIndex" tests="32" failures="0" timestamp="27 Mar 2015 13:22:40 GMT" time="1195.945" errors="0">
  <testcase name="invalidLastName" time="32.988" classname="com.linkedIn.loginPage.Index.LoginPageIndex"/>
  <testcase name="invalidLastName" time="46.441" classname="com.linkedIn.loginPage.Index.LoginPageIndex"/>
  <testcase name="invalid_emailid" time="31.158" classname="com.linkedIn.loginPage.Index.LoginPageIndex"/>
  <testcase name="invalid_emailid" time="29.062" classname="com.linkedIn.loginPage.Index.LoginPageIndex"/>
  <testcase name="clickJoinnowButton" time="19.030" classname="com.linkedIn.loginPage.Index.LoginPageIndex"/>
  <testcase name="textboxEditFunctionality" time="36.851" classname="com.linkedIn.loginPage.Index.LoginPageIndex"/>
  <testcase name="invalid_emailid" time="32.730" classname="com.linkedIn.loginPage.Index.LoginPageIndex"/>
  <testcase name="invalid_emailid" time="47.371" classname="com.linkedIn.loginPage.Index.LoginPageIndex"/>
  <testcase name="invalid_emailid" time="37.527" classname="com.linkedIn.loginPage.Index.LoginPageIndex"/>
  <testcase name="invalid_emailid" time="29.932" classname="com.linkedIn.loginPage.Index.LoginPageIndex"/>
  <testcase name="invalidLastName" time="42.265" classname="com.linkedIn.loginPage.Index.LoginPageIndex"/>
  <testcase name="invalid_emailid" time="42.956" classname="com.linkedIn.loginPage.Index.LoginPageIndex"/>
  <testcase name="invalid_emailid" time="33.988" classname="com.linkedIn.loginPage.Index.LoginPageIndex"/>
  <testcase name="invalidFirstname" time="45.218" classname="com.linkedIn.loginPage.Index.LoginPageIndex"/>
  <testcase name="verifyLabelinPage" time="17.241" classname="com.linkedIn.loginPage.Index.LoginPageIndex"/>
  <testcase name="invalid_emailid" time="45.617" classname="com.linkedIn.loginPage.Index.LoginPageIndex"/>
  <testcase name="invalid_emailid" time="33.923" classname="com.linkedIn.loginPage.Index.LoginPageIndex"/>
  <testcase name="verifyJoinnowButton" time="14.778" classname="com.linkedIn.loginPage.Index.LoginPageIndex"/>
  <testcase name="invalid_emailid" time="48.991" classname="com.linkedIn.loginPage.Index.LoginPageIndex"/>
  <testcase name="invalid_emailid" time="29.312" classname="com.linkedIn.loginPage.Index.LoginPageIndex"/>
  <testcase name="verifyRegisterPage" time="20.052" classname="com.linkedIn.loginPage.Index.LoginPageIndex"/>
  <testcase name="invalidFirstname" time="32.037" classname="com.linkedIn.loginPage.Index.LoginPageIndex"/>
  <testcase name="invalid_emailid" time="49.430" classname="com.linkedIn.loginPage.Index.LoginPageIndex"/>
  <testcase name="invalidFirstname" time="44.210" classname="com.linkedIn.loginPage.Index.LoginPageIndex"/>
  <testcase name="invalidLastName" time="48.571" classname="com.linkedIn.loginPage.Index.LoginPageIndex"/>
  <testcase name="verifyMendatoryFields" time="18.713" classname="com.linkedIn.loginPage.Index.LoginPageIndex"/>
  <testcase name="invalidFirstname" time="82.733" classname="com.linkedIn.loginPage.Index.LoginPageIndex"/>
  <testcase name="invalid_emailid" time="53.776" classname="com.linkedIn.loginPage.Index.LoginPageIndex"/>
  <testcase name="invalid_emailid" time="33.636" classname="com.linkedIn.loginPage.Index.LoginPageIndex"/>
  <testcase name="invalid_emailid" time="41.707" classname="com.linkedIn.loginPage.Index.LoginPageIndex"/>
  <testcase name="invalid_emailid" time="31.988" classname="com.linkedIn.loginPage.Index.LoginPageIndex"/>
  <testcase name="invalid_emailid" time="41.713" classname="com.linkedIn.loginPage.Index.LoginPageIndex"/>
</testsuite> <!-- com.linkedIn.loginPage.Index.LoginPageIndex -->
