<?xml version="1.0" encoding="UTF-8"?>
<!-- Generated by org.testng.reporters.JUnitReportReporter -->
<testsuite hostname="KQSPL" name="com.linkedIn.loginPage.Index.LoginPageIndex" tests="1" failures="0" timestamp="24 Mar 2015 07:16:05 GMT" time="24.301" errors="0">
  <testcase name="verifyRegisterPage" time="24.301" classname="com.linkedIn.loginPage.Index.LoginPageIndex"/>
</testsuite> <!-- com.linkedIn.loginPage.Index.LoginPageIndex -->
