<?xml version="1.0" encoding="UTF-8"?>
<!-- Generated by org.testng.reporters.JUnitReportReporter -->
<testsuite hostname="KQSPL" name="com.linkedIn.loginPage.Index.LoginPageIndex" tests="45" failures="0" timestamp="2 Apr 2015 10:28:25 GMT" time="1498.746" errors="0">
  <testcase name="invalid_emailid" time="48.163" classname="com.linkedIn.loginPage.Index.LoginPageIndex"/>
  <testcase name="invalidFirstname" time="26.893" classname="com.linkedIn.loginPage.Index.LoginPageIndex"/>
  <testcase name="textboxEditFunctionality" time="44.421" classname="com.linkedIn.loginPage.Index.LoginPageIndex"/>
  <testcase name="verify_validation_msg" time="15.526" classname="com.linkedIn.loginPage.Index.LoginPageIndex"/>
  <testcase name="invalid_emailid" time="48.219" classname="com.linkedIn.loginPage.Index.LoginPageIndex"/>
  <testcase name="register_success" time="41.540" classname="com.linkedIn.loginPage.Index.LoginPageIndex"/>
  <testcase name="invalidFirstname" time="39.300" classname="com.linkedIn.loginPage.Index.LoginPageIndex"/>
  <testcase name="invalid_emailid" time="41.148" classname="com.linkedIn.loginPage.Index.LoginPageIndex"/>
  <testcase name="invalid_emailid" time="29.864" classname="com.linkedIn.loginPage.Index.LoginPageIndex"/>
  <testcase name="invalid_emailid" time="40.389" classname="com.linkedIn.loginPage.Index.LoginPageIndex"/>
  <testcase name="invalidLastName" time="26.398" classname="com.linkedIn.loginPage.Index.LoginPageIndex"/>
  <testcase name="tab_functionality" time="12.449" classname="com.linkedIn.loginPage.Index.LoginPageIndex"/>
  <testcase name="invalid_password" time="49.514" classname="com.linkedIn.loginPage.Index.LoginPageIndex"/>
  <testcase name="invalid_emailid" time="28.295" classname="com.linkedIn.loginPage.Index.LoginPageIndex"/>
  <testcase name="invalid_emailid" time="41.141" classname="com.linkedIn.loginPage.Index.LoginPageIndex"/>
  <testcase name="invalid_password" time="32.746" classname="com.linkedIn.loginPage.Index.LoginPageIndex"/>
  <testcase name="invalid_emailid" time="28.833" classname="com.linkedIn.loginPage.Index.LoginPageIndex"/>
  <testcase name="invalidFirstname" time="67.002" classname="com.linkedIn.loginPage.Index.LoginPageIndex"/>
  <testcase name="verifyLabelinPage" time="12.748" classname="com.linkedIn.loginPage.Index.LoginPageIndex"/>
  <testcase name="onclick_functionality" time="42.244" classname="com.linkedIn.loginPage.Index.LoginPageIndex"/>
  <testcase name="invalid_password" time="33.789" classname="com.linkedIn.loginPage.Index.LoginPageIndex"/>
  <testcase name="invalid_emailid" time="28.532" classname="com.linkedIn.loginPage.Index.LoginPageIndex"/>
  <testcase name="invalidLastName" time="45.675" classname="com.linkedIn.loginPage.Index.LoginPageIndex"/>
  <testcase name="privacypolicy_link" time="26.047" classname="com.linkedIn.loginPage.Index.LoginPageIndex"/>
  <testcase name="useragreement_link" time="23.925" classname="com.linkedIn.loginPage.Index.LoginPageIndex"/>
  <testcase name="invalid_emailid" time="39.783" classname="com.linkedIn.loginPage.Index.LoginPageIndex"/>
  <testcase name="verifyRegisterPage" time="14.899" classname="com.linkedIn.loginPage.Index.LoginPageIndex"/>
  <testcase name="invalidLastName" time="40.300" classname="com.linkedIn.loginPage.Index.LoginPageIndex"/>
  <testcase name="clickJoinnowButton" time="14.749" classname="com.linkedIn.loginPage.Index.LoginPageIndex"/>
  <testcase name="invalid_password" time="45.154" classname="com.linkedIn.loginPage.Index.LoginPageIndex"/>
  <testcase name="invalid_emailid" time="28.454" classname="com.linkedIn.loginPage.Index.LoginPageIndex"/>
  <testcase name="invalid_emailid" time="28.209" classname="com.linkedIn.loginPage.Index.LoginPageIndex"/>
  <testcase name="invalid_emailid" time="28.383" classname="com.linkedIn.loginPage.Index.LoginPageIndex"/>
  <testcase name="invalid_emailid" time="29.081" classname="com.linkedIn.loginPage.Index.LoginPageIndex"/>
  <testcase name="invalid_password" time="44.708" classname="com.linkedIn.loginPage.Index.LoginPageIndex"/>
  <testcase name="invalid_emailid" time="28.452" classname="com.linkedIn.loginPage.Index.LoginPageIndex"/>
  <testcase name="verifyJoinnowButton" time="12.301" classname="com.linkedIn.loginPage.Index.LoginPageIndex"/>
  <testcase name="invalid_emailid" time="40.516" classname="com.linkedIn.loginPage.Index.LoginPageIndex"/>
  <testcase name="cookiepolicy_link" time="20.908" classname="com.linkedIn.loginPage.Index.LoginPageIndex"/>
  <testcase name="verifyMendatoryFields" time="15.517" classname="com.linkedIn.loginPage.Index.LoginPageIndex"/>
  <testcase name="invalid_password" time="44.598" classname="com.linkedIn.loginPage.Index.LoginPageIndex"/>
  <testcase name="invalidFirstname" time="39.670" classname="com.linkedIn.loginPage.Index.LoginPageIndex"/>
  <testcase name="invalidLastName" time="39.508" classname="com.linkedIn.loginPage.Index.LoginPageIndex"/>
  <testcase name="invalid_emailid" time="29.005" classname="com.linkedIn.loginPage.Index.LoginPageIndex"/>
  <testcase name="invalid_emailid" time="39.750" classname="com.linkedIn.loginPage.Index.LoginPageIndex"/>
</testsuite> <!-- com.linkedIn.loginPage.Index.LoginPageIndex -->
